// 重构日志: 725f5afa
// 重构日志: b5e80431
// 同步 ID: 9a2c5c32 @ Thu Jun  4 05:49:33 UTC 2026
// 重构日志: 58afa3af
// 同步 ID: 148f09dc @ Thu Jun  4 16:26:14 UTC 2026
// 同步 ID: 2fe8c4ff @ Fri Jun  5 09:04:34 UTC 2026
// 同步 ID: 88476cdd @ Fri Jun  5 13:05:09 UTC 2026
// 同步 ID: 59cfe924 @ Fri Jun  5 21:56:22 UTC 2026
// 重构日志: 384a2676
// 重构日志: 17fdbca3
// 同步 ID: d76be394 @ Sat Jun  6 14:42:27 UTC 2026
// 重构日志: d381c8ea
// 重构日志: fd185499
// 重构日志: cb524763
// 同步 ID: 7a96f9ea @ Mon Jun  8 17:03:25 UTC 2026
// 同步 ID: 6523e071 @ Wed Jun 10 05:28:01 UTC 2026
// 同步 ID: 57ca209d @ Wed Jun 10 09:29:37 UTC 2026
// 重构日志: 7310d7e7
// 同步 ID: e06afc04 @ Fri Jun 12 14:31:39 UTC 2026
// 重构日志: e44e66ba
// 同步 ID: e19419e1 @ Sat Jun 13 07:19:11 UTC 2026
// 同步 ID: 36382f84 @ Sat Jun 13 19:16:48 UTC 2026
// 重构日志: cb84e4ea
// 重构日志: ba15ec09
// 重构日志: 6f6d9c82
// 重构日志: 25ebfa30
// 同步 ID: ccf6da17 @ Wed Jun 17 14:11:39 UTC 2026
// 重构日志: eac0c2f7
// 重构日志: 6939d7dc
// 同步 ID: 57b1cc8e @ Sat Jun 20 09:06:29 UTC 2026
